  MySnake.cpp
e:\store\source code\mysnake\mysnake.cpp(558): warning C4996: 'kbhit': The POSIX name for this item is deprecated. Instead, use the ISO C and C++ conformant name: _kbhit. See online help for details.
  c:\program files (x86)\windows kits\10\include\10.0.10240.0\ucrt\conio.h(458): note: 参见“kbhit”的声明
e:\store\source code\mysnake\mysnake.cpp(719): warning C4996: 'getch': The POSIX name for this item is deprecated. Instead, use the ISO C and C++ conformant name: _getch. See online help for details.
  c:\program files (x86)\windows kits\10\include\10.0.10240.0\ucrt\conio.h(452): note: 参见“getch”的声明
e:\store\source code\mysnake\mysnake.cpp(721): warning C4996: 'getch': The POSIX name for this item is deprecated. Instead, use the ISO C and C++ conformant name: _getch. See online help for details.
  c:\program files (x86)\windows kits\10\include\10.0.10240.0\ucrt\conio.h(452): note: 参见“getch”的声明
e:\store\source code\mysnake\mysnake.cpp(836): warning C4838: 从“int”转换到“SHORT”需要收缩转换
e:\store\source code\mysnake\mysnake.cpp(850): warning C4244: “参数”: 从“time_t”转换到“unsigned int”，可能丢失数据
e:\store\source code\mysnake\mysnake.cpp(886): warning C4244: “参数”: 从“time_t”转换到“unsigned int”，可能丢失数据
e:\store\source code\mysnake\mysnake.cpp(920): warning C4244: “参数”: 从“time_t”转换到“unsigned int”，可能丢失数据
e:\store\source code\mysnake\mysnake.cpp(929): warning C4244: “参数”: 从“time_t”转换到“unsigned int”，可能丢失数据
e:\store\source code\mysnake\mysnake.cpp(1261): warning C4996: 'getch': The POSIX name for this item is deprecated. Instead, use the ISO C and C++ conformant name: _getch. See online help for details.
  c:\program files (x86)\windows kits\10\include\10.0.10240.0\ucrt\conio.h(452): note: 参见“getch”的声明
e:\store\source code\mysnake\mysnake.cpp(1262): warning C4996: 'getch': The POSIX name for this item is deprecated. Instead, use the ISO C and C++ conformant name: _getch. See online help for details.
  c:\program files (x86)\windows kits\10\include\10.0.10240.0\ucrt\conio.h(452): note: 参见“getch”的声明
e:\store\source code\mysnake\mysnake.cpp(1260): warning C4101: “get”: 未引用的局部变量
e:\store\source code\mysnake\mysnake.cpp(1339): warning C4551: 缺少参数列表的函数调用
e:\store\source code\mysnake\mysnake.cpp(1339): warning C4996: 'kbhit': The POSIX name for this item is deprecated. Instead, use the ISO C and C++ conformant name: _kbhit. See online help for details.
  c:\program files (x86)\windows kits\10\include\10.0.10240.0\ucrt\conio.h(458): note: 参见“kbhit”的声明
e:\store\source code\mysnake\mysnake.cpp(1342): warning C4996: 'getch': The POSIX name for this item is deprecated. Instead, use the ISO C and C++ conformant name: _getch. See online help for details.
  c:\program files (x86)\windows kits\10\include\10.0.10240.0\ucrt\conio.h(452): note: 参见“getch”的声明
e:\store\source code\mysnake\mysnake.cpp(1406): warning C4551: 缺少参数列表的函数调用
e:\store\source code\mysnake\mysnake.cpp(1446): warning C4551: 缺少参数列表的函数调用
e:\store\source code\mysnake\mysnake.cpp(1406): warning C4996: 'kbhit': The POSIX name for this item is deprecated. Instead, use the ISO C and C++ conformant name: _kbhit. See online help for details.
  c:\program files (x86)\windows kits\10\include\10.0.10240.0\ucrt\conio.h(458): note: 参见“kbhit”的声明
e:\store\source code\mysnake\mysnake.cpp(1409): warning C4996: 'getch': The POSIX name for this item is deprecated. Instead, use the ISO C and C++ conformant name: _getch. See online help for details.
  c:\program files (x86)\windows kits\10\include\10.0.10240.0\ucrt\conio.h(452): note: 参见“getch”的声明
e:\store\source code\mysnake\mysnake.cpp(1446): warning C4996: 'kbhit': The POSIX name for this item is deprecated. Instead, use the ISO C and C++ conformant name: _kbhit. See online help for details.
  c:\program files (x86)\windows kits\10\include\10.0.10240.0\ucrt\conio.h(458): note: 参见“kbhit”的声明
e:\store\source code\mysnake\mysnake.cpp(1449): warning C4996: 'getch': The POSIX name for this item is deprecated. Instead, use the ISO C and C++ conformant name: _getch. See online help for details.
  c:\program files (x86)\windows kits\10\include\10.0.10240.0\ucrt\conio.h(452): note: 参见“getch”的声明
  MySnake.vcxproj -> E:\store\source code\MySnake\Debug\MySnake.exe
  MySnake.vcxproj -> E:\store\source code\MySnake\Debug\MySnake.pdb (Full PDB)
